生成启动时间为 2020/4/20 14:23:10。
     1>项目“C:\Users\harry\Desktop\我的文件\C++文件\first\first\first.vcxproj”在节点 2 上(build 个目标)。
     1>InitializeBuildStatus:
         正在对“Debug\first.unsuccessfulbuild”执行 Touch 任务。
       ClCompile:
         C:\Program Files (x86)\Microsoft Visual Studio 10.0\VC\bin\CL.exe /c /ZI /nologo /W3 /WX- /Od /Oy- /D _MBCS /Gm /EHsc /RTC1 /MDd /GS /fp:precise /Zc:wchar_t /Zc:forScope /Fo"Debug\\" /Fd"Debug\vc100.pdb" /Gd /TP /analyze- /errorReport:prompt area.cpp circulate.cpp testmain.cpp
         testmain.cpp
     1>c:\users\harry\desktop\我的文件\c++文件\first\first\testmain.cpp(5): error C3861: “circulate”: 找不到标识符
         circulate.cpp
     1>c:\users\harry\desktop\我的文件\c++文件\first\first\circulate.cpp(4): error C2065: “cout”: 未声明的标识符
     1>c:\users\harry\desktop\我的文件\c++文件\first\first\circulate.cpp(4): error C2065: “endl”: 未声明的标识符
     1>c:\users\harry\desktop\我的文件\c++文件\first\first\circulate.cpp(5): error C2065: “cout”: 未声明的标识符
     1>c:\users\harry\desktop\我的文件\c++文件\first\first\circulate.cpp(5): error C2065: “endl”: 未声明的标识符
         area.cpp
     1>c:\users\harry\desktop\我的文件\c++文件\first\first\area.cpp(10): warning C4996: 'scanf': This function or variable may be unsafe. Consider using scanf_s instead. To disable deprecation, use _CRT_SECURE_NO_WARNINGS. See online help for details.
                 c:\program files (x86)\microsoft visual studio 10.0\vc\include\stdio.h(304) : 参见“scanf”的声明
         正在生成代码...
     1>已完成生成项目“C:\Users\harry\Desktop\我的文件\C++文件\first\first\first.vcxproj”(build 个目标)的操作 - 失败。

生成失败。

已用时间 00:00:04.10
